  FileVersion", "1.0.0.58"
  ProductVersion", "1.0.0.58"
  FILEVERSION 1,0,0,58
  PRODUCTVERSION 1,0,0,58
  ------ 
  DllMain.cpp
  Interface.cpp
  ClassDeclarators_G2A.cpp
  Globals_G2A.cpp
  Statics_G2A.cpp
  ClassDeclarators_G2.cpp
  Globals_G2.cpp
  Statics_G2.cpp
  ClassDeclarators_G1A.cpp
  Globals_G1A.cpp
  Statics_G1A.cpp
  ClassDeclarators_G1.cpp
  Globals_G1.cpp
  Statics_G1.cpp
     Trwa tworzenie biblioteki C:\Users\User\Desktop\Gothic II\FriedMeat\Bin\FriedMeat.lib i obiektu C:\Users\User\Desktop\Gothic II\FriedMeat\Bin\FriedMeat.exp
  Trwa generowanie kodu
  319 of 360 functions (88.6%) were compiled, the rest were copied from previous compilation.
    142 functions were new in current compilation
    4 functions had inline decision re-evaluated but remain unchanged
  Zakończono generowanie kodu
  FriedMeat.vcxproj -> C:\Users\User\Desktop\Gothic II\FriedMeat\Bin\FriedMeat.dll
